  AbstractFactory.cpp
  Circle.cpp
  Figure.cpp
  FigureContainer.cpp
  Project1.cpp
D:\SU Materials\Year_2\Sem_1\Design_Patterns\Project1\Project1\Project1\Project1.cpp(188): warning C4267: 'argument': conversion from 'size_t' to 'int', possible loss of data
D:\SU Materials\Year_2\Sem_1\Design_Patterns\Project1\Project1\Project1\Project1.cpp(208): warning C4267: 'argument': conversion from 'size_t' to 'int', possible loss of data
  RandomFactory.cpp
D:\SU Materials\Year_2\Sem_1\Design_Patterns\Project1\Project1\Project1\RandomFactory.cpp(18,85): warning C4267: 'argument': conversion from 'size_t' to 'T', possible loss of data
          with
          [
              T=int
          ]
D:\SU Materials\Year_2\Sem_1\Design_Patterns\Project1\Project1\Project1\RandomFactory.cpp(13,16): warning C4244: 'return': conversion from 'double' to 'T', possible loss of data
          with
          [
              T=int
          ]
D:\SU Materials\Year_2\Sem_1\Design_Patterns\Project1\Project1\Project1\RandomFactory.cpp(18,85): message : see reference to function template instantiation 'T RandomFactory::generateRandomNumber<int>(T,T) const' being compiled
          with
          [
              T=int
          ]
  Rectangle.cpp
  StreamFactory.cpp
D:\SU Materials\Year_2\Sem_1\Design_Patterns\Project1\Project1\Project1\StreamFactory.cpp(47,38): warning C4101: 'e': unreferenced local variable
  Triangle.cpp
  Generating Code...
  Project1.vcxproj -> D:\SU Materials\Year_2\Sem_1\Design_Patterns\Project1\Project1\x64\Debug\Project1.exe
