d:\su materials\year_2\design_patterns\project2\project2\project2\x64\debug\vc143.pdb
d:\su materials\year_2\design_patterns\project2\project2\project2\x64\debug\vc143.idb
d:\su materials\year_2\design_patterns\project2\project2\project2\x64\debug\simplelabel.obj
d:\su materials\year_2\design_patterns\project2\project2\project2\x64\debug\richlabel.obj
d:\su materials\year_2\design_patterns\project2\project2\project2\x64\debug\project2.obj
d:\su materials\year_2\design_patterns\project2\project2\project2\x64\debug\capitalizetransformation.obj
d:\su materials\year_2\design_patterns\project2\project2\project2\x64\debug\texttransformationdecorator.obj
d:\su materials\year_2\design_patterns\project2\project2\project2\x64\debug\randomtransformationdecorator.obj
d:\su materials\year_2\design_patterns\project2\project2\project2\x64\debug\labeldecoratorbase.obj
d:\su materials\year_2\design_patterns\project2\project2\project2\x64\debug\cyclingtransformationdecorator.obj
d:\su materials\year_2\design_patterns\project2\project2\project2\x64\debug\replacetransformation.obj
d:\su materials\year_2\design_patterns\project2\project2\project2\x64\debug\cenzoretransformation.obj
d:\su materials\year_2\design_patterns\project2\project2\project2\x64\debug\label.obj
d:\su materials\year_2\design_patterns\project2\project2\project2\x64\debug\compositetransformation.obj
d:\su materials\year_2\design_patterns\project2\project2\project2\x64\debug\customlabel.obj
d:\su materials\year_2\design_patterns\project2\project2\project2\x64\debug\helplabel.obj
d:\su materials\year_2\design_patterns\project2\project2\project2\x64\debug\labelimplementationfactory.obj
d:\su materials\year_2\design_patterns\project2\project2\project2\x64\debug\labelfactory.obj
d:\su materials\year_2\design_patterns\project2\project2\project2\x64\debug\labelcontainer.obj
d:\su materials\year_2\design_patterns\project2\project2\project2\x64\debug\labelprinter.obj
d:\su materials\year_2\design_patterns\project2\project2\project2\x64\debug\texttransformationfactory.obj
d:\su materials\year_2\design_patterns\project2\project2\project2\x64\debug\texttransformationcontainer.obj
d:\su materials\year_2\design_patterns\project2\project2\project2\x64\debug\righttrimtransformation.obj
d:\su materials\year_2\design_patterns\project2\project2\project2\x64\debug\normalizespacetransformation.obj
d:\su materials\year_2\design_patterns\project2\project2\project2\x64\debug\lefttrimtransformation.obj
d:\su materials\year_2\design_patterns\project2\project2\project2\x64\debug\decoratetransformation.obj
d:\su materials\year_2\design_patterns\project2\project2\project2\x64\debug\appmanager.obj
d:\su materials\year_2\design_patterns\project2\project2\project2\x64\debug\printmanager.obj
d:\su materials\year_2\design_patterns\project2\project2\project2\x64\debug\cenzoretransformationfactory.obj
d:\su materials\year_2\design_patterns\project2\project2\x64\debug\project2.exe
d:\su materials\year_2\design_patterns\project2\project2\project2\x64\debug\project2.ilk
d:\su materials\year_2\design_patterns\project2\project2\x64\debug\project2.pdb
d:\su materials\year_2\design_patterns\project2\project2\project2\x64\debug\labeldecoratorbase.obj.enc
d:\su materials\year_2\design_patterns\project2\project2\project2\x64\debug\printmanager.obj.enc
d:\su materials\year_2\design_patterns\project2\project2\project2\x64\debug\project2.obj.enc
d:\su materials\year_2\design_patterns\project2\project2\project2\x64\debug\randomtransformationdecorator.new.obj.enc
d:\su materials\year_2\design_patterns\project2\project2\project2\x64\debug\texttransformationdecorator.obj.enc
d:\su materials\year_2\design_patterns\project2\project2\project2\x64\debug\project2.tlog\cl.command.1.tlog
d:\su materials\year_2\design_patterns\project2\project2\project2\x64\debug\project2.tlog\cl.read.1.tlog
d:\su materials\year_2\design_patterns\project2\project2\project2\x64\debug\project2.tlog\cl.write.1.tlog
d:\su materials\year_2\design_patterns\project2\project2\project2\x64\debug\project2.tlog\link.command.1.tlog
d:\su materials\year_2\design_patterns\project2\project2\project2\x64\debug\project2.tlog\link.read.1.tlog
d:\su materials\year_2\design_patterns\project2\project2\project2\x64\debug\project2.tlog\link.write.1.tlog
